<?xml version="1.0" encoding="UTF-8"?>
<!-- Generated by org.testng.reporters.JUnitReportReporter -->
<testsuite hostname="Bala" failures="0" tests="1" name="com.automation.TestNG2" time="9.093" errors="0" timestamp="2021-04-26T19:19:23 EDT" skipped="0">
  <testcase classname="com.automation.TestNG2" name="select" time="9.093"/>
  <system-out/>
</testsuite> <!-- com.automation.TestNG2 -->
