<?xml version="1.0" encoding="UTF-8"?>
<!-- Generated by org.testng.reporters.JUnitReportReporter -->
<testsuite hostname="Bala" failures="0" tests="3" name="com.automation.TestNG" time="0.032" errors="0" timestamp="2021-04-23T15:41:39 EDT" skipped="0">
  <testcase classname="com.automation.TestNG" name="addemplyoee" time="0.022"/>
  <system-out/>
  <testcase classname="com.automation.TestNG" name="editemplyoee" time="0.007"/>
  <system-out/>
  <testcase classname="com.automation.TestNG" name="deleteemplyoee" time="0.003"/>
  <system-out/>
</testsuite> <!-- com.automation.TestNG -->
