<?xml version="1.0" encoding="UTF-8"?>
<!-- Generated by org.testng.reporters.JUnitReportReporter -->
<testsuite hostname="Bala" failures="0" tests="3" name="com.automation.TestRunner" time="51.107" errors="0" timestamp="2021-04-28T19:08:53 EDT" skipped="0">
  <testcase classname="com.automation.TestRunner" name="runScenario" time="14.376"/>
  <system-out/>
  <testcase classname="com.automation.TestRunner" name="runScenario" time="16.262"/>
  <system-out/>
  <testcase classname="com.automation.TestRunner" name="runScenario" time="20.469"/>
  <system-out/>
</testsuite> <!-- com.automation.TestRunner -->
